Build started 1/10/2023 10:47:26 PM.
     1>Project "F:\FIC\Cmpt135\Programs\Week 1\question 2\question 2\question 2.vcxproj" on node 2 (build target(s)).
     1>PrepareForBuild:
         Creating directory "F:\FIC\Cmpt135\Programs\Week 1\question 2\Debug\".
       InitializeBuildStatus:
         Creating "Debug\question 2.unsuccessfulbuild" because "AlwaysCreate" was specified.
       ClCompile:
         C:\Program Files (x86)\Microsoft Visual Studio 10.0\VC\bin\CL.exe /c /ZI /nologo /W3 /WX- /Od /Oy- /D _MBCS /Gm /EHsc /RTC1 /MDd /GS /fp:precise /Zc:wchar_t /Zc:forScope /Fo"Debug\\" /Fd"Debug\vc100.pdb" /Gd /TP /analyze- /errorReport:prompt "question 2.cpp"
         question 2.cpp
       Link:
         C:\Program Files (x86)\Microsoft Visual Studio 10.0\VC\bin\link.exe /ERRORREPORT:PROMPT /OUT:"F:\FIC\Cmpt135\Programs\Week 1\question 2\Debug\question 2.exe" /NOLOGO kernel32.lib user32.lib gdi32.lib winspool.lib comdlg32.lib advapi32.lib shell32.lib ole32.lib oleaut32.lib uuid.lib odbc32.lib odbccp32.lib /MANIFEST /ManifestFile:"Debug\question 2.exe.intermediate.manifest" /MANIFESTUAC:"level='asInvoker' uiAccess='false'" /DEBUG /PDB:"F:\FIC\Cmpt135\Programs\Week 1\question 2\Debug\question 2.pdb" /TLBID:1 /DYNAMICBASE /NXCOMPAT /IMPLIB:"F:\FIC\Cmpt135\Programs\Week 1\question 2\Debug\question 2.lib" /MACHINE:X86 "Debug\question 2.obj"
         question 2.vcxproj -> F:\FIC\Cmpt135\Programs\Week 1\question 2\Debug\question 2.exe
       Manifest:
         C:\Program Files (x86)\Microsoft SDKs\Windows\v7.0A\bin\mt.exe /nologo /verbose /outputresource:"F:\FIC\Cmpt135\Programs\Week 1\question 2\Debug\question 2.exe;#1" /manifest "Debug\question 2.exe.intermediate.manifest"
       FinalizeBuildStatus:
         Deleting file "Debug\question 2.unsuccessfulbuild".
         Touching "Debug\question 2.lastbuildstate".
     1>Done Building Project "F:\FIC\Cmpt135\Programs\Week 1\question 2\question 2\question 2.vcxproj" (build target(s)).

Build succeeded.

Time Elapsed 00:00:00.78
